<?xml version="1.0" encoding="UTF-8"?>
<!-- Generated by org.testng.reporters.JUnitReportReporter -->
<testsuite hostname="Yehia-pc" failures="0" tests="3" name="TestCases.TC01_Registration" time="40.346" errors="0" timestamp="2023-10-12T20:52:01 EET" skipped="0">
  <testcase classname="TestCases.TC01_Registration" name="registerNewUser_P" time="16.168"/>
  <system-out/>
  <testcase classname="TestCases.TC01_Registration" name="registerNewUser_P" time="12.262"/>
  <system-out/>
  <testcase classname="TestCases.TC01_Registration" name="registerNewUser_P" time="11.916"/>
  <system-out/>
</testsuite> <!-- TestCases.TC01_Registration -->
